0 info it worked if it ends with ok
1 verbose cli [ 'C:\\Program Files\\nodejs\\node.exe',
1 verbose cli   'C:\\Program Files\\nodejs\\node_modules\\npm\\bin\\npm-cli.js',
1 verbose cli   'start' ]
2 info using npm@3.10.9
3 info using node@v6.9.2
4 verbose run-script [ 'prestart', 'start', 'poststart' ]
5 info lifecycle gdi-es6-javascript@2.6.2~prestart: gdi-es6-javascript@2.6.2
6 silly lifecycle gdi-es6-javascript@2.6.2~prestart: no script for prestart, continuing
7 info lifecycle gdi-es6-javascript@2.6.2~start: gdi-es6-javascript@2.6.2
8 verbose lifecycle gdi-es6-javascript@2.6.2~start: unsafe-perm in lifecycle true
9 verbose lifecycle gdi-es6-javascript@2.6.2~start: PATH: C:\Program Files\nodejs\node_modules\npm\bin\node-gyp-bin;C:\Users\Liz\Documents\GitHub\gdi-es6-javascript\node_modules\.bin;C:\Windows\System32;C:\Program Files\Git\cmd;C:\Program Files\Git\mingw64\bin;C:\Program Files\Git\usr\bin;C:\Program Files (x86)\EaseUS\Todo Backup\bin;C:\mongodb\bin;C:\Program Files (x86)\Heroku\bin;C:\Program Files (x86)\git\cmd;C:\Program Files (x86)\Git\cmd;C:\WINDOWS\system32;C:\WINDOWS;C:\WINDOWS\System32\Wbem;C:\WINDOWS\System32\WindowsPowerShell\v1.0\;C:\Users\Liz\AppData\Roaming\npm;C:\Users\Liz\AppData\Local\atom\bin;C:\Users\Liz\AppData\Local\Microsoft\WindowsApps;C:\Users\Liz\AppData\Local\.meteor\;c:\program files\docker;C:\Program Files\Docker;C:\Program Files\nodejs\;C:\Program Files (x86)\Windows Kits\8.1\Windows Performance Toolkit\;C:\Ruby23-x64\bin;C:\Windows\System32;C:\Users\Liz\AppData\Local\atom\bin;C:\Users\Liz\AppData\Local\Microsoft\WindowsApps;C:\Users\Liz\AppData\Local\.meteor\;C:\Users\Liz\AppData\Roaming\npm;C:\Python27;C:\Python27\Scripts;C:\Program Files\7-Zip;C:\Program Files\Docker Toolbox
10 verbose lifecycle gdi-es6-javascript@2.6.2~start: CWD: C:\Users\Liz\Documents\GitHub\gdi-es6-javascript
11 silly lifecycle gdi-es6-javascript@2.6.2~start: Args: [ '/d /s /c', 'grunt' ]
12 silly lifecycle gdi-es6-javascript@2.6.2~start: Returned: code: 3221225786  signal: null
13 info lifecycle gdi-es6-javascript@2.6.2~start: Failed to exec start script
14 verbose stack Error: gdi-es6-javascript@2.6.2 start: `grunt`
14 verbose stack Exit status 3221225786
14 verbose stack     at EventEmitter.<anonymous> (C:\Program Files\nodejs\node_modules\npm\lib\utils\lifecycle.js:255:16)
14 verbose stack     at emitTwo (events.js:106:13)
14 verbose stack     at EventEmitter.emit (events.js:191:7)
14 verbose stack     at ChildProcess.<anonymous> (C:\Program Files\nodejs\node_modules\npm\lib\utils\spawn.js:40:14)
14 verbose stack     at emitTwo (events.js:106:13)
14 verbose stack     at ChildProcess.emit (events.js:191:7)
14 verbose stack     at maybeClose (internal/child_process.js:877:16)
14 verbose stack     at Process.ChildProcess._handle.onexit (internal/child_process.js:226:5)
15 verbose pkgid gdi-es6-javascript@2.6.2
16 verbose cwd C:\Users\Liz\Documents\GitHub\gdi-es6-javascript
17 error Windows_NT 10.0.14393
18 error argv "C:\\Program Files\\nodejs\\node.exe" "C:\\Program Files\\nodejs\\node_modules\\npm\\bin\\npm-cli.js" "start"
19 error node v6.9.2
20 error npm  v3.10.9
21 error code ELIFECYCLE
22 error gdi-es6-javascript@2.6.2 start: `grunt`
22 error Exit status 3221225786
23 error Failed at the gdi-es6-javascript@2.6.2 start script 'grunt'.
23 error Make sure you have the latest version of node.js and npm installed.
23 error If you do, this is most likely a problem with the gdi-es6-javascript package,
23 error not with npm itself.
23 error Tell the author that this fails on your system:
23 error     grunt
23 error You can get information on how to open an issue for this project with:
23 error     npm bugs gdi-es6-javascript
23 error Or if that isn't available, you can get their info via:
23 error     npm owner ls gdi-es6-javascript
23 error There is likely additional logging output above.
24 verbose exit [ 1, true ]
